c:\users\jvalencia\documents\visual studio 2015\projects\memorymanager\memorymanager\debug\vc140.pdb
c:\users\jvalencia\documents\visual studio 2015\projects\memorymanager\memorymanager\debug\vc140.idb
c:\users\jvalencia\documents\visual studio 2015\projects\memorymanager\memorymanager\debug\testmemmgr.obj
c:\users\jvalencia\documents\visual studio 2015\projects\memorymanager\memorymanager\debug\memorymanager.obj
c:\users\jvalencia\documents\visual studio 2015\projects\memorymanager\memorymanager\debug\memorymanager.pdb
c:\users\jvalencia\documents\visual studio 2015\projects\memorymanager\memorymanager\debug\memorymanager.idb
c:\users\jvalencia\documents\visual studio 2015\projects\memorymanager\debug\memorymanager.lib
c:\users\jvalencia\documents\visual studio 2015\projects\memorymanager\debug\memorymanager.ilk
c:\users\jvalencia\documents\visual studio 2015\projects\memorymanager\debug\memorymanager.exe
c:\users\jvalencia\documents\visual studio 2015\projects\memorymanager\debug\memorymanager.pdb
c:\users\jvalencia\documents\visual studio 2015\projects\memorymanager\debug\memorymanager.exp
c:\users\jvalencia\documents\visual studio 2015\projects\memorymanager\memorymanager\debug\memorymanager.tlog\cl.command.1.tlog
c:\users\jvalencia\documents\visual studio 2015\projects\memorymanager\memorymanager\debug\memorymanager.tlog\cl.read.1.tlog
c:\users\jvalencia\documents\visual studio 2015\projects\memorymanager\memorymanager\debug\memorymanager.tlog\cl.write.1.tlog
c:\users\jvalencia\documents\visual studio 2015\projects\memorymanager\memorymanager\debug\memorymanager.tlog\lib-link.read.1.tlog
c:\users\jvalencia\documents\visual studio 2015\projects\memorymanager\memorymanager\debug\memorymanager.tlog\lib-link.write.1.tlog
c:\users\jvalencia\documents\visual studio 2015\projects\memorymanager\memorymanager\debug\memorymanager.tlog\lib.command.1.tlog
c:\users\jvalencia\documents\visual studio 2015\projects\memorymanager\memorymanager\debug\memorymanager.tlog\link.command.1.tlog
c:\users\jvalencia\documents\visual studio 2015\projects\memorymanager\memorymanager\debug\memorymanager.tlog\link.read.1.tlog
c:\users\jvalencia\documents\visual studio 2015\projects\memorymanager\memorymanager\debug\memorymanager.tlog\link.write.1.tlog
c:\users\jvalencia\documents\visual studio 2015\projects\memorymanager\memorymanager\debug\memorymanager.tlog\memorymanager.write.1u.tlog
